[main] INFO  net.alepuzio.restservice.client.ClientApplication  - Start application client
[main] INFO  net.alepuzio.restservice.client.operation.GetSingle  - >GetSingle(34)
[main] ERROR net.alepuzio.restservice.client.operation.GetSingle  - getSingle():200 OK[200]
->[Content-Type:"application/json", Transfer-Encoding:"chunked", Date:"Wed, 14 Apr 2021 10:03:58 GMT", Keep-Alive:"timeout=60", Connection:"keep-alive"]
[main] INFO  net.alepuzio.restservice.client.operation.GetSingle  - <GetSingle(34)
**************************
[main] INFO  net.alepuzio.restservice.client.operation.Post  - >post(34)
[main] ERROR net.alepuzio.restservice.client.operation.Post  - post():200 OK[200]
>[Content-Type:"application/json", Transfer-Encoding:"chunked", Date:"Wed, 14 Apr 2021 10:03:58 GMT", Keep-Alive:"timeout=60", Connection:"keep-alive"]

[main] INFO  net.alepuzio.restservice.client.operation.Post  - <post(34)
**************************
[http-nio-8080-exec-5] INFO  net.alepuzio.restservice.server.jwt.JwtStub  - createAuthenticationToken
[main] ERROR net.alepuzio.restservice.client.operation.Authenticate  - post():200 OK[200]->[Vary:"Origin", "Access-Control-Request-Method", "Access-Control-Request-Headers", Content-Length:"0", Date:"Wed, 14 Apr 2021 10:03:58 GMT", Keep-Alive:"timeout=60", Connection:"keep-alive"]
[main] INFO  net.alepuzio.restservice.client.ClientApplication  - Stop application client
[main] INFO  net.alepuzio.restservice.client.ClientApplication  - Start application client
[main] INFO  net.alepuzio.restservice.client.operation.GetSingle  - >GetSingle(34)
[main] ERROR net.alepuzio.restservice.client.operation.GetSingle  - getSingle():200 OK[200]
->[Content-Type:"application/json", Transfer-Encoding:"chunked", Date:"Wed, 14 Apr 2021 10:05:29 GMT", Keep-Alive:"timeout=60", Connection:"keep-alive"]
[main] INFO  net.alepuzio.restservice.client.operation.GetSingle  - <GetSingle(34)
**************************
[main] INFO  net.alepuzio.restservice.client.operation.Post  - >post(34)
[main] ERROR net.alepuzio.restservice.client.operation.Post  - post():200 OK[200]
>[Content-Type:"application/json", Transfer-Encoding:"chunked", Date:"Wed, 14 Apr 2021 10:05:29 GMT", Keep-Alive:"timeout=60", Connection:"keep-alive"]

[main] INFO  net.alepuzio.restservice.client.operation.Post  - <post(34)
**************************
[http-nio-8080-exec-1] INFO  net.alepuzio.restservice.server.jwt.JwtStub  - createAuthenticationToken
[main] ERROR net.alepuzio.restservice.client.operation.Authenticate  - post():200 OK[200]->[Vary:"Origin", "Access-Control-Request-Method", "Access-Control-Request-Headers", Content-Length:"0", Date:"Wed, 14 Apr 2021 10:05:29 GMT", Keep-Alive:"timeout=60", Connection:"keep-alive"]
[main] INFO  net.alepuzio.restservice.client.ClientApplication  - Stop application client
[main] INFO  net.alepuzio.restservice.client.ClientApplication  - Start application client
[main] INFO  net.alepuzio.restservice.client.operation.GetSingle  - >GetSingle(34)
[main] ERROR net.alepuzio.restservice.client.operation.GetSingle  - getSingle():200 OK[200]
->[Content-Type:"application/json", Transfer-Encoding:"chunked", Date:"Wed, 14 Apr 2021 10:06:00 GMT", Keep-Alive:"timeout=60", Connection:"keep-alive"]
[main] INFO  net.alepuzio.restservice.client.operation.GetSingle  - <GetSingle(34)
**************************
[main] INFO  net.alepuzio.restservice.client.operation.Post  - >post(34)
[main] ERROR net.alepuzio.restservice.client.operation.Post  - post():200 OK[200]
>[Content-Type:"application/json", Transfer-Encoding:"chunked", Date:"Wed, 14 Apr 2021 10:06:00 GMT", Keep-Alive:"timeout=60", Connection:"keep-alive"]

[main] INFO  net.alepuzio.restservice.client.operation.Post  - <post(34)
**************************
[http-nio-8080-exec-7] INFO  net.alepuzio.restservice.server.jwt.JwtStub  - createAuthenticationToken
[main] ERROR net.alepuzio.restservice.client.operation.Authenticate  - post():200 OK[200]->[Vary:"Origin", "Access-Control-Request-Method", "Access-Control-Request-Headers", Content-Length:"0", Date:"Wed, 14 Apr 2021 10:06:00 GMT", Keep-Alive:"timeout=60", Connection:"keep-alive"]
[main] INFO  net.alepuzio.restservice.client.ClientApplication  - Stop application client
[main] INFO  net.alepuzio.restservice.client.ClientApplication  - Start application client
[main] INFO  net.alepuzio.restservice.client.operation.GetSingle  - >GetSingle(34)
[main] ERROR net.alepuzio.restservice.client.operation.GetSingle  - getSingle():200 OK[200]
->[Content-Type:"application/json", Transfer-Encoding:"chunked", Date:"Wed, 14 Apr 2021 10:06:10 GMT", Keep-Alive:"timeout=60", Connection:"keep-alive"]
[main] INFO  net.alepuzio.restservice.client.operation.GetSingle  - <GetSingle(34)
**************************
[main] INFO  net.alepuzio.restservice.client.operation.Post  - >post(34)
[main] ERROR net.alepuzio.restservice.client.operation.Post  - post():200 OK[200]
>[Content-Type:"application/json", Transfer-Encoding:"chunked", Date:"Wed, 14 Apr 2021 10:06:10 GMT", Keep-Alive:"timeout=60", Connection:"keep-alive"]

[main] INFO  net.alepuzio.restservice.client.operation.Post  - <post(34)
**************************
[http-nio-8080-exec-3] INFO  net.alepuzio.restservice.server.jwt.JwtStub  - createAuthenticationToken
[main] ERROR net.alepuzio.restservice.client.operation.Authenticate  - post():200 OK[200]->[Vary:"Origin", "Access-Control-Request-Method", "Access-Control-Request-Headers", Content-Length:"0", Date:"Wed, 14 Apr 2021 10:06:10 GMT", Keep-Alive:"timeout=60", Connection:"keep-alive"]
[main] INFO  net.alepuzio.restservice.client.ClientApplication  - Stop application client
[main] INFO  net.alepuzio.restservice.client.ClientApplication  - Start application client
[main] INFO  net.alepuzio.restservice.client.operation.GetSingle  - >GetSingle(34)
[main] INFO  net.alepuzio.restservice.client.operation.GetSingle  - http://localhost:8080/greetings//34
[main] ERROR net.alepuzio.restservice.client.operation.GetSingle  - getSingle():200 OK[200]
->[Content-Type:"application/json", Transfer-Encoding:"chunked", Date:"Fri, 23 Apr 2021 07:44:38 GMT", Keep-Alive:"timeout=60", Connection:"keep-alive"]
[main] INFO  net.alepuzio.restservice.client.operation.GetSingle  - <GetSingle(34)
**************************
[main] INFO  net.alepuzio.restservice.client.operation.Post  - >post(34)
[main] ERROR net.alepuzio.restservice.client.operation.Post  - post():200 OK[200]
>[Content-Type:"application/json", Transfer-Encoding:"chunked", Date:"Fri, 23 Apr 2021 07:44:38 GMT", Keep-Alive:"timeout=60", Connection:"keep-alive"]

[main] INFO  net.alepuzio.restservice.client.operation.Post  - <post(34)
**************************
[http-nio-8080-exec-5] INFO  net.alepuzio.restservice.server.jwt.JwtStub  - createAuthenticationToken
[main] FATAL net.alepuzio.restservice.client.ClientApplication  - org.springframework.web.client.HttpServerErrorException$InternalServerError: 500 : [{"timestamp":"2021-04-23T07:44:38.506+00:00","status":500,"error":"Internal Server Error","message":"","path":"/auth/greetings/"}]
[main] INFO  net.alepuzio.restservice.client.ClientApplication  - Start application client
[main] INFO  net.alepuzio.restservice.client.operation.GetSingle  - >GetSingle(34)
[main] INFO  net.alepuzio.restservice.client.operation.GetSingle  - http://localhost:8080/greetings//34
[main] ERROR net.alepuzio.restservice.client.operation.GetSingle  - getSingle():200 OK[200]
->[Content-Type:"application/json", Transfer-Encoding:"chunked", Date:"Fri, 23 Apr 2021 07:45:08 GMT", Keep-Alive:"timeout=60", Connection:"keep-alive"]
[main] INFO  net.alepuzio.restservice.client.operation.GetSingle  - <GetSingle(34)
**************************
[main] INFO  net.alepuzio.restservice.client.ClientApplication  - Stop application client
